TN:
SF:src\modules\appointments\services\CreateAppointmentService.ts
FN:97,__decorate
FN:97,__metadata
FN:97,__param
FN:97,__awaiter
FN:97,adopt
FN:97,fulfilled
FN:97,rejected
FN:97,step
FN:97,__generator
FN:97,sent
FN:97,g.<computed>
FN:97,verb
FN:97,step
FN:97,__importDefault
FN:20,CreateAppointmentService
FN:34,CreateAppointmentService.execute
FNF:16
FNH:14
FNDA:1,__decorate
FNDA:1,__metadata
FNDA:4,__param
FNDA:10,__awaiter
FNDA:33,adopt
FNDA:33,fulfilled
FNDA:0,rejected
FNDA:35,step
FNDA:10,__generator
FNDA:33,sent
FNDA:0,g.<computed>
FNDA:30,verb
FNDA:43,step
FNDA:1,__importDefault
FNDA:7,CreateAppointmentService
FNDA:10,CreateAppointmentService.execute
DA:1,1
DA:2,1
DA:3,1
DA:4,1
DA:5,1
DA:6,1
DA:7,1
DA:8,1
DA:9,1
DA:10,1
DA:11,1
DA:12,1
DA:13,1
DA:14,1
DA:15,1
DA:16,1
DA:17,1
DA:18,1
DA:19,1
DA:20,1
DA:21,7
DA:22,7
DA:23,7
DA:24,7
DA:25,7
DA:26,7
DA:27,7
DA:28,7
DA:29,7
DA:30,7
DA:31,7
DA:32,7
DA:33,1
DA:34,1
DA:35,10
DA:36,10
DA:37,10
DA:38,10
DA:39,10
DA:40,10
DA:41,10
DA:42,10
DA:43,10
DA:44,10
DA:45,10
DA:46,10
DA:47,10
DA:48,10
DA:49,10
DA:50,10
DA:51,1
DA:52,1
DA:53,9
DA:54,9
DA:55,10
DA:56,10
DA:57,1
DA:58,1
DA:59,8
DA:60,8
DA:61,10
DA:62,10
DA:63,1
DA:64,1
DA:65,7
DA:66,10
DA:67,1
DA:68,1
DA:69,6
DA:70,10
DA:71,2
DA:72,2
DA:73,4
DA:74,10
DA:75,2
DA:76,2
DA:77,2
DA:78,2
DA:79,2
DA:80,2
DA:81,2
DA:82,2
DA:83,2
DA:84,2
DA:85,10
DA:86,10
DA:87,10
DA:88,10
DA:89,10
DA:90,10
DA:91,10
DA:92,10
DA:93,10
DA:94,10
DA:95,10
DA:96,10
DA:97,1
LF:97
LH:97
BRDA:97,0,0,1
BRDA:97,1,0,1
BRDA:97,2,0,0
BRDA:97,3,0,0
BRDA:97,4,0,0
BRDA:97,5,0,0
BRDA:97,6,0,1
BRDA:97,7,0,4
BRDA:97,8,0,4
BRDA:97,9,0,10
BRDA:97,10,0,33
BRDA:97,11,0,0
BRDA:97,12,0,10
BRDA:97,13,0,33
BRDA:97,14,0,25
BRDA:97,15,0,8
BRDA:97,16,0,35
BRDA:97,17,0,2
BRDA:97,18,0,33
BRDA:97,19,0,10
BRDA:97,20,0,33
BRDA:97,21,0,0
BRDA:97,22,0,30
BRDA:97,23,0,43
BRDA:97,24,0,43
BRDA:97,25,0,0
BRDA:97,26,0,86
BRDA:97,27,0,0
BRDA:97,28,0,0
BRDA:97,29,0,0
BRDA:97,30,0,0
BRDA:97,31,0,43
BRDA:97,32,0,43
BRDA:97,33,0,33
BRDA:97,34,0,0
BRDA:97,35,0,0
BRDA:97,36,0,10
BRDA:97,37,0,0
BRDA:97,38,0,2
BRDA:97,39,0,0
BRDA:97,40,0,0
BRDA:97,41,0,0
BRDA:97,42,0,0
BRDA:97,43,0,43
BRDA:97,44,0,35
BRDA:97,45,0,8
BRDA:97,46,0,43
BRDA:97,47,0,10
BRDA:97,48,0,8
BRDA:97,49,0,2
BRDA:97,50,0,0
BRDA:97,51,0,1
BRDA:97,52,0,0
BRDA:19,53,0,1
BRDA:20,54,0,7
BRDA:34,55,0,10
BRDA:97,56,0,10
BRDA:97,57,0,43
BRDA:97,58,0,10
BRDA:97,59,0,10
BRDA:50,60,0,1
BRDA:52,61,0,9
BRDA:97,62,0,9
BRDA:56,63,0,1
BRDA:58,64,0,8
BRDA:97,65,0,8
BRDA:62,66,0,1
BRDA:64,67,0,7
BRDA:66,68,0,1
BRDA:68,69,0,6
BRDA:70,70,0,2
BRDA:72,71,0,4
BRDA:74,72,0,3
BRDA:74,73,0,2
BRDA:97,74,0,2
BRDA:97,75,0,2
BRDA:97,76,0,2
BRF:77
BRH:57
end_of_record
TN:
SF:src\modules\appointments\services\ListProviderAppointmentsService.ts
FN:53,__decorate
FN:53,__metadata
FN:53,__param
FN:53,__awaiter
FN:53,adopt
FN:53,fulfilled
FN:53,rejected
FN:53,step
FN:53,__generator
FN:53,sent
FN:53,g.<computed>
FN:53,verb
FN:53,step
FN:18,ListProviderAppointmentsService
FN:26,ListProviderAppointmentsService.execute
FNF:15
FNH:13
FNDA:1,__decorate
FNDA:1,__metadata
FNDA:2,__param
FNDA:1,__awaiter
FNDA:3,adopt
FNDA:3,fulfilled
FNDA:0,rejected
FNDA:4,step
FNDA:1,__generator
FNDA:3,sent
FNDA:0,g.<computed>
FNDA:3,verb
FNDA:4,step
FNDA:1,ListProviderAppointmentsService
FNDA:1,ListProviderAppointmentsService.execute
DA:1,1
DA:2,1
DA:3,1
DA:4,1
DA:5,1
DA:6,1
DA:7,1
DA:8,1
DA:9,1
DA:10,1
DA:11,1
DA:12,1
DA:13,1
DA:14,1
DA:15,1
DA:16,1
DA:17,1
DA:18,1
DA:19,1
DA:20,1
DA:21,1
DA:22,1
DA:23,1
DA:24,1
DA:25,1
DA:26,1
DA:27,1
DA:28,1
DA:29,1
DA:30,1
DA:31,1
DA:32,1
DA:33,1
DA:34,1
DA:35,1
DA:36,1
DA:37,1
DA:38,1
DA:39,1
DA:40,1
DA:41,1
DA:42,1
DA:43,1
DA:44,1
DA:45,1
DA:46,1
DA:47,1
DA:48,1
DA:49,1
DA:50,1
DA:51,1
DA:52,1
DA:53,1
LF:53
LH:53
BRDA:53,0,0,1
BRDA:53,1,0,1
BRDA:53,2,0,0
BRDA:53,3,0,0
BRDA:53,4,0,0
BRDA:53,5,0,0
BRDA:53,6,0,1
BRDA:53,7,0,2
BRDA:53,8,0,2
BRDA:53,9,0,1
BRDA:53,10,0,3
BRDA:53,11,0,0
BRDA:53,12,0,1
BRDA:53,13,0,3
BRDA:53,14,0,0
BRDA:53,15,0,4
BRDA:53,16,0,1
BRDA:53,17,0,3
BRDA:53,18,0,1
BRDA:53,19,0,3
BRDA:53,20,0,0
BRDA:53,21,0,3
BRDA:53,22,0,4
BRDA:53,23,0,4
BRDA:53,24,0,0
BRDA:53,25,0,8
BRDA:53,26,0,0
BRDA:53,27,0,0
BRDA:53,28,0,0
BRDA:53,29,0,0
BRDA:53,30,0,4
BRDA:53,31,0,4
BRDA:53,32,0,3
BRDA:53,33,0,0
BRDA:53,34,0,0
BRDA:53,35,0,1
BRDA:53,36,0,0
BRDA:53,37,0,0
BRDA:53,38,0,0
BRDA:53,39,0,0
BRDA:53,40,0,0
BRDA:53,41,0,4
BRDA:53,42,0,0
BRDA:53,43,0,4
BRDA:53,44,0,1
BRDA:53,45,0,0
BRDA:53,46,0,1
BRDA:53,47,0,0
BRDA:17,48,0,1
BRDA:18,49,0,1
BRDA:26,50,0,1
BRDA:53,51,0,1
BRDA:53,52,0,4
BRDA:53,53,0,1
BRDA:53,54,0,1
BRDA:38,55,0,0
BRDA:53,56,0,1
BRDA:53,57,0,1
BRDA:51,58,0,1
BRF:59
BRH:36
end_of_record
TN:
SF:src\modules\appointments\services\ListProviderDayAvailabilityService.ts
FN:64,__decorate
FN:64,__metadata
FN:64,__param
FN:64,__awaiter
FN:64,adopt
FN:64,fulfilled
FN:64,rejected
FN:64,step
FN:64,__generator
FN:64,sent
FN:64,g.<computed>
FN:64,verb
FN:64,step
FN:20,ListProviderDayAvailabilityService
FN:25,ListProviderDayAvailabilityService.execute
FNF:15
FNH:13
FNDA:1,__decorate
FNDA:1,__metadata
FNDA:1,__param
FNDA:1,__awaiter
FNDA:1,adopt
FNDA:1,fulfilled
FNDA:0,rejected
FNDA:2,step
FNDA:1,__generator
FNDA:1,sent
FNDA:0,g.<computed>
FNDA:3,verb
FNDA:2,step
FNDA:1,ListProviderDayAvailabilityService
FNDA:1,ListProviderDayAvailabilityService.execute
DA:1,1
DA:2,1
DA:3,1
DA:4,1
DA:5,1
DA:6,1
DA:7,1
DA:8,1
DA:9,1
DA:10,1
DA:11,1
DA:12,1
DA:13,1
DA:14,1
DA:15,1
DA:16,1
DA:17,1
DA:18,1
DA:19,1
DA:20,1
DA:21,1
DA:22,1
DA:23,1
DA:24,1
DA:25,1
DA:26,1
DA:27,1
DA:28,1
DA:29,1
DA:30,1
DA:31,1
DA:32,1
DA:33,1
DA:34,1
DA:35,1
DA:36,1
DA:37,1
DA:38,1
DA:39,1
DA:40,1
DA:41,1
DA:42,1
DA:43,1
DA:44,1
DA:45,1
DA:46,1
DA:47,1
DA:48,1
DA:49,1
DA:50,10
DA:51,10
DA:52,10
DA:53,10
DA:54,10
DA:55,10
DA:56,10
DA:57,10
DA:58,10
DA:59,10
DA:60,1
DA:61,1
DA:62,1
DA:63,1
DA:64,1
LF:64
LH:64
BRDA:64,0,0,1
BRDA:64,1,0,1
BRDA:64,2,0,0
BRDA:64,3,0,0
BRDA:64,4,0,0
BRDA:64,5,0,0
BRDA:64,6,0,1
BRDA:64,7,0,1
BRDA:64,8,0,1
BRDA:64,9,0,1
BRDA:64,10,0,1
BRDA:64,11,0,0
BRDA:64,12,0,1
BRDA:64,13,0,1
BRDA:64,14,0,0
BRDA:64,15,0,2
BRDA:64,16,0,1
BRDA:64,17,0,1
BRDA:64,18,0,1
BRDA:64,19,0,1
BRDA:64,20,0,0
BRDA:64,21,0,3
BRDA:64,22,0,2
BRDA:64,23,0,2
BRDA:64,24,0,0
BRDA:64,25,0,4
BRDA:64,26,0,0
BRDA:64,27,0,0
BRDA:64,28,0,0
BRDA:64,29,0,0
BRDA:64,30,0,2
BRDA:64,31,0,2
BRDA:64,32,0,1
BRDA:64,33,0,0
BRDA:64,34,0,0
BRDA:64,35,0,1
BRDA:64,36,0,0
BRDA:64,37,0,0
BRDA:64,38,0,0
BRDA:64,39,0,0
BRDA:64,40,0,0
BRDA:64,41,0,2
BRDA:64,42,0,0
BRDA:64,43,0,2
BRDA:64,44,0,1
BRDA:64,45,0,0
BRDA:64,46,0,1
BRDA:64,47,0,0
BRDA:19,48,0,1
BRDA:20,49,0,1
BRDA:25,50,0,1
BRDA:64,51,0,1
BRDA:64,52,0,2
BRDA:31,53,0,1
BRDA:64,54,0,1
BRDA:44,55,0,10
BRDA:49,56,0,10
BRDA:58,57,0,9
BRDA:51,58,0,10
BRF:59
BRH:37
end_of_record
TN:
SF:src\modules\appointments\services\ListProviderMonthAvailabilityService.ts
FN:62,__decorate
FN:62,__metadata
FN:62,__param
FN:62,__awaiter
FN:62,adopt
FN:62,fulfilled
FN:62,rejected
FN:62,step
FN:62,__generator
FN:62,sent
FN:62,g.<computed>
FN:62,verb
FN:62,step
FN:19,ListProviderMonthAvailabilityService
FN:24,ListProviderMonthAvailabilityService.execute
FNF:15
FNH:13
FNDA:1,__decorate
FNDA:1,__metadata
FNDA:1,__param
FNDA:1,__awaiter
FNDA:1,adopt
FNDA:1,fulfilled
FNDA:0,rejected
FNDA:2,step
FNDA:1,__generator
FNDA:1,sent
FNDA:0,g.<computed>
FNDA:3,verb
FNDA:2,step
FNDA:1,ListProviderMonthAvailabilityService
FNDA:1,ListProviderMonthAvailabilityService.execute
DA:1,1
DA:2,1
DA:3,1
DA:4,1
DA:5,1
DA:6,1
DA:7,1
DA:8,1
DA:9,1
DA:10,1
DA:11,1
DA:12,1
DA:13,1
DA:14,1
DA:15,1
DA:16,1
DA:17,1
DA:18,1
DA:19,1
DA:20,1
DA:21,1
DA:22,1
DA:23,1
DA:24,1
DA:25,1
DA:26,1
DA:27,1
DA:28,1
DA:29,1
DA:30,1
DA:31,1
DA:32,1
DA:33,1
DA:34,1
DA:35,1
DA:36,1
DA:37,1
DA:38,1
DA:39,1
DA:40,1
DA:41,1
DA:42,1
DA:43,1
DA:44,1
DA:45,1
DA:46,1
DA:47,31
DA:48,341
DA:49,31
DA:50,31
DA:51,31
DA:52,31
DA:53,31
DA:54,31
DA:55,31
DA:56,31
DA:57,31
DA:58,1
DA:59,1
DA:60,1
DA:61,1
DA:62,1
LF:62
LH:62
BRDA:62,0,0,1
BRDA:62,1,0,1
BRDA:62,2,0,0
BRDA:62,3,0,0
BRDA:62,4,0,0
BRDA:62,5,0,0
BRDA:62,6,0,1
BRDA:62,7,0,1
BRDA:62,8,0,1
BRDA:62,9,0,1
BRDA:62,10,0,1
BRDA:62,11,0,0
BRDA:62,12,0,1
BRDA:62,13,0,1
BRDA:62,14,0,0
BRDA:62,15,0,2
BRDA:62,16,0,1
BRDA:62,17,0,1
BRDA:62,18,0,1
BRDA:62,19,0,1
BRDA:62,20,0,0
BRDA:62,21,0,3
BRDA:62,22,0,2
BRDA:62,23,0,2
BRDA:62,24,0,0
BRDA:62,25,0,4
BRDA:62,26,0,0
BRDA:62,27,0,0
BRDA:62,28,0,0
BRDA:62,29,0,0
BRDA:62,30,0,2
BRDA:62,31,0,2
BRDA:62,32,0,1
BRDA:62,33,0,0
BRDA:62,34,0,0
BRDA:62,35,0,1
BRDA:62,36,0,0
BRDA:62,37,0,0
BRDA:62,38,0,0
BRDA:62,39,0,0
BRDA:62,40,0,0
BRDA:62,41,0,2
BRDA:62,42,0,0
BRDA:62,43,0,2
BRDA:62,44,0,1
BRDA:62,45,0,0
BRDA:62,46,0,1
BRDA:62,47,0,0
BRDA:18,48,0,1
BRDA:19,49,0,1
BRDA:24,50,0,1
BRDA:62,51,0,1
BRDA:62,52,0,2
BRDA:29,53,0,1
BRDA:62,54,0,1
BRDA:41,55,0,31
BRDA:46,56,0,31
BRDA:56,57,0,30
BRDA:47,58,0,341
BRF:59
BRH:37
end_of_record
TN:
SF:src\modules\appointments\services\ListProvidersService.ts
FN:35,__decorate
FN:35,__metadata
FN:35,__param
FN:35,__awaiter
FN:35,adopt
FN:35,fulfilled
FN:35,rejected
FN:35,step
FN:35,__generator
FN:35,sent
FN:35,g.<computed>
FN:35,verb
FN:35,step
FN:13,ListProvidersService
FN:21,ListProvidersService.execute
FNF:15
FNH:13
FNDA:1,__decorate
FNDA:1,__metadata
FNDA:2,__param
FNDA:1,__awaiter
FNDA:3,adopt
FNDA:3,fulfilled
FNDA:0,rejected
FNDA:4,step
FNDA:1,__generator
FNDA:3,sent
FNDA:0,g.<computed>
FNDA:3,verb
FNDA:4,step
FNDA:1,ListProvidersService
FNDA:1,ListProvidersService.execute
DA:1,1
DA:2,1
DA:3,1
DA:4,1
DA:5,1
DA:6,1
DA:7,1
DA:8,1
DA:9,1
DA:10,1
DA:11,1
DA:12,1
DA:13,1
DA:14,1
DA:15,1
DA:16,1
DA:17,1
DA:18,1
DA:19,1
DA:20,1
DA:21,1
DA:22,1
DA:23,1
DA:24,1
DA:25,1
DA:26,1
DA:27,1
DA:28,1
DA:29,1
DA:30,1
DA:31,1
DA:32,1
DA:33,1
DA:34,1
DA:35,1
LF:35
LH:35
BRDA:35,0,0,1
BRDA:35,1,0,1
BRDA:35,2,0,0
BRDA:35,3,0,0
BRDA:35,4,0,0
BRDA:35,5,0,0
BRDA:35,6,0,1
BRDA:35,7,0,2
BRDA:35,8,0,2
BRDA:35,9,0,1
BRDA:35,10,0,3
BRDA:35,11,0,0
BRDA:35,12,0,1
BRDA:35,13,0,3
BRDA:35,14,0,0
BRDA:35,15,0,4
BRDA:35,16,0,1
BRDA:35,17,0,3
BRDA:35,18,0,1
BRDA:35,19,0,3
BRDA:35,20,0,0
BRDA:35,21,0,3
BRDA:35,22,0,4
BRDA:35,23,0,4
BRDA:35,24,0,0
BRDA:35,25,0,8
BRDA:35,26,0,0
BRDA:35,27,0,0
BRDA:35,28,0,0
BRDA:35,29,0,0
BRDA:35,30,0,4
BRDA:35,31,0,4
BRDA:35,32,0,3
BRDA:35,33,0,0
BRDA:35,34,0,0
BRDA:35,35,0,1
BRDA:35,36,0,0
BRDA:35,37,0,0
BRDA:35,38,0,0
BRDA:35,39,0,0
BRDA:35,40,0,0
BRDA:35,41,0,4
BRDA:35,42,0,0
BRDA:35,43,0,4
BRDA:35,44,0,1
BRDA:35,45,0,0
BRDA:35,46,0,1
BRDA:35,47,0,0
BRDA:12,48,0,1
BRDA:13,49,0,1
BRDA:21,50,0,1
BRDA:35,51,0,1
BRDA:35,52,0,4
BRDA:35,53,0,1
BRDA:35,54,0,1
BRDA:25,55,0,0
BRDA:35,56,0,1
BRDA:35,57,0,1
BRDA:33,58,0,1
BRF:59
BRH:36
end_of_record
TN:
SF:src\modules\users\services\AuthenticateUserService.ts
FN:59,__decorate
FN:59,__metadata
FN:59,__param
FN:59,__awaiter
FN:59,adopt
FN:59,fulfilled
FN:59,rejected
FN:59,step
FN:59,__generator
FN:59,sent
FN:59,g.<computed>
FN:59,verb
FN:59,step
FN:59,__importDefault
FN:23,AuthenticateUserService
FN:31,AuthenticateUserService.execute
FNF:16
FNH:14
FNDA:1,__decorate
FNDA:1,__metadata
FNDA:2,__param
FNDA:3,__awaiter
FNDA:5,adopt
FNDA:5,fulfilled
FNDA:0,rejected
FNDA:6,step
FNDA:3,__generator
FNDA:5,sent
FNDA:0,g.<computed>
FNDA:9,verb
FNDA:8,step
FNDA:2,__importDefault
FNDA:4,AuthenticateUserService
FNDA:3,AuthenticateUserService.execute
DA:1,1
DA:2,1
DA:3,1
DA:4,1
DA:5,1
DA:6,1
DA:7,1
DA:8,1
DA:9,1
DA:10,1
DA:11,1
DA:12,1
DA:13,1
DA:14,1
DA:15,1
DA:16,1
DA:17,1
DA:18,1
DA:19,1
DA:20,1
DA:21,1
DA:22,1
DA:23,1
DA:24,4
DA:25,4
DA:26,4
DA:27,4
DA:28,4
DA:29,4
DA:30,1
DA:31,1
DA:32,3
DA:33,3
DA:34,3
DA:35,1
DA:36,1
DA:37,2
DA:38,2
DA:39,2
DA:40,2
DA:41,2
DA:42,3
DA:43,3
DA:44,1
DA:45,1
DA:46,1
DA:47,1
DA:48,1
DA:49,1
DA:50,1
DA:51,1
DA:52,1
DA:53,1
DA:54,1
DA:55,1
DA:56,1
DA:57,1
DA:58,3
DA:59,1
LF:59
LH:59
BRDA:59,0,0,1
BRDA:59,1,0,1
BRDA:59,2,0,0
BRDA:59,3,0,0
BRDA:59,4,0,0
BRDA:59,5,0,0
BRDA:59,6,0,1
BRDA:59,7,0,2
BRDA:59,8,0,2
BRDA:59,9,0,3
BRDA:59,10,0,5
BRDA:59,11,0,0
BRDA:59,12,0,3
BRDA:59,13,0,5
BRDA:59,14,0,3
BRDA:59,15,0,2
BRDA:59,16,0,6
BRDA:59,17,0,1
BRDA:59,18,0,5
BRDA:59,19,0,3
BRDA:59,20,0,5
BRDA:59,21,0,0
BRDA:59,22,0,9
BRDA:59,23,0,8
BRDA:59,24,0,8
BRDA:59,25,0,0
BRDA:59,26,0,16
BRDA:59,27,0,0
BRDA:59,28,0,0
BRDA:59,29,0,0
BRDA:59,30,0,0
BRDA:59,31,0,8
BRDA:59,32,0,8
BRDA:59,33,0,5
BRDA:59,34,0,0
BRDA:59,35,0,0
BRDA:59,36,0,3
BRDA:59,37,0,0
BRDA:59,38,0,1
BRDA:59,39,0,0
BRDA:59,40,0,0
BRDA:59,41,0,0
BRDA:59,42,0,0
BRDA:59,43,0,8
BRDA:59,44,0,6
BRDA:59,45,0,2
BRDA:59,46,0,8
BRDA:59,47,0,3
BRDA:59,48,0,2
BRDA:59,49,0,1
BRDA:59,50,0,0
BRDA:59,51,0,2
BRDA:59,52,0,0
BRDA:22,53,0,1
BRDA:23,54,0,4
BRDA:31,55,0,3
BRDA:59,56,0,3
BRDA:59,57,0,8
BRDA:32,58,0,3
BRDA:59,59,0,3
BRDA:34,60,0,1
BRDA:36,61,0,2
BRDA:59,62,0,2
BRDA:43,63,0,1
BRF:64
BRH:44
end_of_record
TN:
SF:src\modules\users\services\CreateUserService.ts
FN:48,__decorate
FN:48,__metadata
FN:48,__param
FN:48,__awaiter
FN:48,adopt
FN:48,fulfilled
FN:48,rejected
FN:48,step
FN:48,__generator
FN:48,sent
FN:48,g.<computed>
FN:48,verb
FN:48,step
FN:48,__importDefault
FN:18,CreateUserService
FN:29,CreateUserService.execute
FNF:16
FNH:14
FNDA:1,__decorate
FNDA:1,__metadata
FNDA:3,__param
FNDA:3,__awaiter
FNDA:9,adopt
FNDA:9,fulfilled
FNDA:0,rejected
FNDA:11,step
FNDA:3,__generator
FNDA:9,sent
FNDA:0,g.<computed>
FNDA:9,verb
FNDA:12,step
FNDA:1,__importDefault
FNDA:2,CreateUserService
FNDA:3,CreateUserService.execute
DA:1,1
DA:2,1
DA:3,1
DA:4,1
DA:5,1
DA:6,1
DA:7,1
DA:8,1
DA:9,1
DA:10,1
DA:11,1
DA:12,1
DA:13,1
DA:14,1
DA:15,1
DA:16,1
DA:17,1
DA:18,1
DA:19,2
DA:20,2
DA:21,2
DA:22,2
DA:23,2
DA:24,2
DA:25,2
DA:26,2
DA:27,2
DA:28,1
DA:29,1
DA:30,3
DA:31,3
DA:32,3
DA:33,1
DA:34,1
DA:35,2
DA:36,2
DA:37,3
DA:38,3
DA:39,3
DA:40,3
DA:41,3
DA:42,3
DA:43,3
DA:44,3
DA:45,3
DA:46,3
DA:47,3
DA:48,1
LF:48
LH:48
BRDA:48,0,0,1
BRDA:48,1,0,1
BRDA:48,2,0,0
BRDA:48,3,0,0
BRDA:48,4,0,0
BRDA:48,5,0,0
BRDA:48,6,0,1
BRDA:48,7,0,3
BRDA:48,8,0,3
BRDA:48,9,0,3
BRDA:48,10,0,9
BRDA:48,11,0,0
BRDA:48,12,0,3
BRDA:48,13,0,9
BRDA:48,14,0,8
BRDA:48,15,0,1
BRDA:48,16,0,11
BRDA:48,17,0,2
BRDA:48,18,0,9
BRDA:48,19,0,3
BRDA:48,20,0,9
BRDA:48,21,0,0
BRDA:48,22,0,9
BRDA:48,23,0,12
BRDA:48,24,0,12
BRDA:48,25,0,0
BRDA:48,26,0,24
BRDA:48,27,0,0
BRDA:48,28,0,0
BRDA:48,29,0,0
BRDA:48,30,0,0
BRDA:48,31,0,12
BRDA:48,32,0,12
BRDA:48,33,0,9
BRDA:48,34,0,0
BRDA:48,35,0,0
BRDA:48,36,0,3
BRDA:48,37,0,0
BRDA:48,38,0,2
BRDA:48,39,0,0
BRDA:48,40,0,0
BRDA:48,41,0,0
BRDA:48,42,0,0
BRDA:48,43,0,12
BRDA:48,44,0,11
BRDA:48,45,0,1
BRDA:48,46,0,12
BRDA:48,47,0,3
BRDA:48,48,0,1
BRDA:48,49,0,2
BRDA:48,50,0,0
BRDA:48,51,0,1
BRDA:48,52,0,0
BRDA:17,53,0,1
BRDA:18,54,0,2
BRDA:29,55,0,3
BRDA:48,56,0,3
BRDA:48,57,0,12
BRDA:30,58,0,3
BRDA:48,59,0,3
BRDA:32,60,0,1
BRDA:34,61,0,2
BRDA:48,62,0,2
BRDA:48,63,0,2
BRDA:48,64,0,2
BRF:65
BRH:45
end_of_record
TN:
SF:src\modules\users\services\ForgotPasswordService.ts
FN:52,__decorate
FN:52,__metadata
FN:52,__param
FN:52,__awaiter
FN:52,adopt
FN:52,fulfilled
FN:52,rejected
FN:52,step
FN:52,__generator
FN:52,sent
FN:52,g.<computed>
FN:52,verb
FN:52,step
FN:52,__importDefault
FN:16,ForgotPasswordService
FN:27,ForgotPasswordService.execute
FNF:16
FNH:14
FNDA:1,__decorate
FNDA:1,__metadata
FNDA:3,__param
FNDA:3,__awaiter
FNDA:7,adopt
FNDA:7,fulfilled
FNDA:0,rejected
FNDA:9,step
FNDA:3,__generator
FNDA:7,sent
FNDA:0,g.<computed>
FNDA:9,verb
FNDA:10,step
FNDA:2,__importDefault
FNDA:3,ForgotPasswordService
FNDA:3,ForgotPasswordService.execute
DA:1,1
DA:2,1
DA:3,1
DA:4,1
DA:5,1
DA:6,1
DA:7,1
DA:8,1
DA:9,1
DA:10,1
DA:11,1
DA:12,1
DA:13,1
DA:14,1
DA:15,1
DA:16,1
DA:17,3
DA:18,3
DA:19,3
DA:20,3
DA:21,3
DA:22,3
DA:23,3
DA:24,3
DA:25,3
DA:26,1
DA:27,1
DA:28,3
DA:29,3
DA:30,3
DA:31,1
DA:32,1
DA:33,2
DA:34,2
DA:35,3
DA:36,3
DA:37,3
DA:38,3
DA:39,3
DA:40,3
DA:41,3
DA:42,3
DA:43,3
DA:44,3
DA:45,3
DA:46,3
DA:47,3
DA:48,3
DA:49,3
DA:50,3
DA:51,3
DA:52,1
LF:52
LH:52
BRDA:52,0,0,1
BRDA:52,1,0,1
BRDA:52,2,0,0
BRDA:52,3,0,0
BRDA:52,4,0,0
BRDA:52,5,0,0
BRDA:52,6,0,1
BRDA:52,7,0,3
BRDA:52,8,0,3
BRDA:52,9,0,3
BRDA:52,10,0,7
BRDA:52,11,0,0
BRDA:52,12,0,3
BRDA:52,13,0,7
BRDA:52,14,0,6
BRDA:52,15,0,1
BRDA:52,16,0,9
BRDA:52,17,0,2
BRDA:52,18,0,7
BRDA:52,19,0,3
BRDA:52,20,0,7
BRDA:52,21,0,0
BRDA:52,22,0,9
BRDA:52,23,0,10
BRDA:52,24,0,10
BRDA:52,25,0,0
BRDA:52,26,0,20
BRDA:52,27,0,0
BRDA:52,28,0,0
BRDA:52,29,0,0
BRDA:52,30,0,0
BRDA:52,31,0,10
BRDA:52,32,0,10
BRDA:52,33,0,7
BRDA:52,34,0,0
BRDA:52,35,0,0
BRDA:52,36,0,3
BRDA:52,37,0,0
BRDA:52,38,0,2
BRDA:52,39,0,0
BRDA:52,40,0,0
BRDA:52,41,0,0
BRDA:52,42,0,0
BRDA:52,43,0,10
BRDA:52,44,0,9
BRDA:52,45,0,1
BRDA:52,46,0,10
BRDA:52,47,0,3
BRDA:52,48,0,1
BRDA:52,49,0,2
BRDA:52,50,0,0
BRDA:52,51,0,2
BRDA:52,52,0,1
BRDA:52,53,0,1
BRDA:15,54,0,1
BRDA:16,55,0,3
BRDA:27,56,0,3
BRDA:52,57,0,3
BRDA:52,58,0,10
BRDA:28,59,0,3
BRDA:52,60,0,3
BRDA:30,61,0,1
BRDA:32,62,0,2
BRDA:52,63,0,2
BRDA:52,64,0,2
BRF:65
BRH:46
end_of_record
TN:
SF:src\modules\users\services\ResetPasswordService.ts
FN:51,__decorate
FN:51,__metadata
FN:51,__param
FN:51,__awaiter
FN:51,adopt
FN:51,fulfilled
FN:51,rejected
FN:51,step
FN:51,__generator
FN:51,sent
FN:51,g.<computed>
FN:51,verb
FN:51,step
FN:51,__importDefault
FN:17,ResetPasswordService
FN:28,ResetPasswordService.execute
FNF:16
FNH:14
FNDA:1,__decorate
FNDA:1,__metadata
FNDA:3,__param
FNDA:4,__awaiter
FNDA:8,adopt
FNDA:8,fulfilled
FNDA:0,rejected
FNDA:9,step
FNDA:4,__generator
FNDA:8,sent
FNDA:0,g.<computed>
FNDA:12,verb
FNDA:12,step
FNDA:1,__importDefault
FNDA:4,ResetPasswordService
FNDA:4,ResetPasswordService.execute
DA:1,1
DA:2,1
DA:3,1
DA:4,1
DA:5,1
DA:6,1
DA:7,1
DA:8,1
DA:9,1
DA:10,1
DA:11,1
DA:12,1
DA:13,1
DA:14,1
DA:15,1
DA:16,1
DA:17,1
DA:18,4
DA:19,4
DA:20,4
DA:21,4
DA:22,4
DA:23,4
DA:24,4
DA:25,4
DA:26,4
DA:27,1
DA:28,1
DA:29,4
DA:30,4
DA:31,4
DA:32,1
DA:33,1
DA:34,3
DA:35,4
DA:36,4
DA:37,1
DA:38,1
DA:39,2
DA:40,2
DA:41,2
DA:42,2
DA:43,4
DA:44,1
DA:45,1
DA:46,1
DA:47,1
DA:48,4
DA:49,4
DA:50,4
DA:51,1
LF:51
LH:51
BRDA:51,0,0,1
BRDA:51,1,0,1
BRDA:51,2,0,0
BRDA:51,3,0,0
BRDA:51,4,0,0
BRDA:51,5,0,0
BRDA:51,6,0,1
BRDA:51,7,0,3
BRDA:51,8,0,3
BRDA:51,9,0,4
BRDA:51,10,0,8
BRDA:51,11,0,0
BRDA:51,12,0,4
BRDA:51,13,0,8
BRDA:51,14,0,5
BRDA:51,15,0,3
BRDA:51,16,0,9
BRDA:51,17,0,1
BRDA:51,18,0,8
BRDA:51,19,0,4
BRDA:51,20,0,8
BRDA:51,21,0,0
BRDA:51,22,0,12
BRDA:51,23,0,12
BRDA:51,24,0,12
BRDA:51,25,0,0
BRDA:51,26,0,24
BRDA:51,27,0,0
BRDA:51,28,0,0
BRDA:51,29,0,0
BRDA:51,30,0,0
BRDA:51,31,0,12
BRDA:51,32,0,12
BRDA:51,33,0,8
BRDA:51,34,0,0
BRDA:51,35,0,0
BRDA:51,36,0,4
BRDA:51,37,0,0
BRDA:51,38,0,1
BRDA:51,39,0,0
BRDA:51,40,0,0
BRDA:51,41,0,0
BRDA:51,42,0,0
BRDA:51,43,0,12
BRDA:51,44,0,9
BRDA:51,45,0,3
BRDA:51,46,0,12
BRDA:51,47,0,4
BRDA:51,48,0,3
BRDA:51,49,0,1
BRDA:51,50,0,0
BRDA:51,51,0,1
BRDA:51,52,0,0
BRDA:16,53,0,1
BRDA:17,54,0,4
BRDA:28,55,0,4
BRDA:51,56,0,4
BRDA:51,57,0,12
BRDA:29,58,0,4
BRDA:51,59,0,4
BRDA:31,60,0,1
BRDA:33,61,0,3
BRDA:51,62,0,3
BRDA:36,63,0,1
BRDA:38,64,0,2
BRDA:43,65,0,1
BRDA:51,66,0,1
BRF:67
BRH:47
end_of_record
TN:
SF:src\modules\users\services\ShowUserProfileService.ts
FN:29,__decorate
FN:29,__metadata
FN:29,__param
FN:29,__awaiter
FN:29,adopt
FN:29,fulfilled
FN:29,rejected
FN:29,step
FN:29,__generator
FN:29,sent
FN:29,g.<computed>
FN:29,verb
FN:29,step
FN:29,__importDefault
FN:15,ShowUserProfileService
FN:20,ShowUserProfileService.execute
FNF:16
FNH:14
FNDA:1,__decorate
FNDA:1,__metadata
FNDA:1,__param
FNDA:2,__awaiter
FNDA:2,adopt
FNDA:2,fulfilled
FNDA:0,rejected
FNDA:3,step
FNDA:2,__generator
FNDA:2,sent
FNDA:0,g.<computed>
FNDA:6,verb
FNDA:4,step
FNDA:1,__importDefault
FNDA:2,ShowUserProfileService
FNDA:2,ShowUserProfileService.execute
DA:1,1
DA:2,1
DA:3,1
DA:4,1
DA:5,1
DA:6,1
DA:7,1
DA:8,1
DA:9,1
DA:10,1
DA:11,1
DA:12,1
DA:13,1
DA:14,1
DA:15,1
DA:16,2
DA:17,2
DA:18,2
DA:19,1
DA:20,1
DA:21,2
DA:22,2
DA:23,2
DA:24,1
DA:25,1
DA:26,1
DA:27,1
DA:28,2
DA:29,1
LF:29
LH:29
BRDA:29,0,0,1
BRDA:29,1,0,1
BRDA:29,2,0,0
BRDA:29,3,0,0
BRDA:29,4,0,0
BRDA:29,5,0,0
BRDA:29,6,0,1
BRDA:29,7,0,1
BRDA:29,8,0,1
BRDA:29,9,0,2
BRDA:29,10,0,2
BRDA:29,11,0,0
BRDA:29,12,0,2
BRDA:29,13,0,2
BRDA:29,14,0,1
BRDA:29,15,0,3
BRDA:29,16,0,1
BRDA:29,17,0,2
BRDA:29,18,0,2
BRDA:29,19,0,2
BRDA:29,20,0,0
BRDA:29,21,0,6
BRDA:29,22,0,4
BRDA:29,23,0,4
BRDA:29,24,0,0
BRDA:29,25,0,8
BRDA:29,26,0,0
BRDA:29,27,0,0
BRDA:29,28,0,0
BRDA:29,29,0,0
BRDA:29,30,0,4
BRDA:29,31,0,4
BRDA:29,32,0,2
BRDA:29,33,0,0
BRDA:29,34,0,0
BRDA:29,35,0,2
BRDA:29,36,0,0
BRDA:29,37,0,1
BRDA:29,38,0,0
BRDA:29,39,0,0
BRDA:29,40,0,0
BRDA:29,41,0,0
BRDA:29,42,0,4
BRDA:29,43,0,3
BRDA:29,44,0,1
BRDA:29,45,0,4
BRDA:29,46,0,2
BRDA:29,47,0,1
BRDA:29,48,0,0
BRDA:29,49,0,1
BRDA:29,50,0,0
BRDA:14,51,0,1
BRDA:15,52,0,2
BRDA:20,53,0,2
BRDA:29,54,0,2
BRDA:29,55,0,4
BRDA:21,56,0,2
BRDA:29,57,0,2
BRDA:23,58,0,1
BRF:59
BRH:39
end_of_record
TN:
SF:src\modules\users\services\UpdateUserAvatarService.ts
FN:44,__decorate
FN:44,__metadata
FN:44,__param
FN:44,__awaiter
FN:44,adopt
FN:44,fulfilled
FN:44,rejected
FN:44,step
FN:44,__generator
FN:44,sent
FN:44,g.<computed>
FN:44,verb
FN:44,step
FN:44,__importDefault
FN:17,UpdateUserAvatarService
FN:25,UpdateUserAvatarService.execute
FNF:16
FNH:14
FNDA:1,__decorate
FNDA:1,__metadata
FNDA:2,__param
FNDA:4,__awaiter
FNDA:11,adopt
FNDA:11,fulfilled
FNDA:0,rejected
FNDA:14,step
FNDA:4,__generator
FNDA:11,sent
FNDA:0,g.<computed>
FNDA:12,verb
FNDA:15,step
FNDA:1,__importDefault
FNDA:3,UpdateUserAvatarService
FNDA:4,UpdateUserAvatarService.execute
DA:1,1
DA:2,1
DA:3,1
DA:4,1
DA:5,1
DA:6,1
DA:7,1
DA:8,1
DA:9,1
DA:10,1
DA:11,1
DA:12,1
DA:13,1
DA:14,1
DA:15,1
DA:16,1
DA:17,1
DA:18,3
DA:19,3
DA:20,3
DA:21,3
DA:22,3
DA:23,3
DA:24,1
DA:25,1
DA:26,4
DA:27,4
DA:28,4
DA:29,1
DA:30,1
DA:31,3
DA:32,3
DA:33,1
DA:34,4
DA:35,4
DA:36,4
DA:37,4
DA:38,4
DA:39,4
DA:40,4
DA:41,4
DA:42,4
DA:43,4
DA:44,1
LF:44
LH:44
BRDA:44,0,0,1
BRDA:44,1,0,1
BRDA:44,2,0,0
BRDA:44,3,0,0
BRDA:44,4,0,0
BRDA:44,5,0,0
BRDA:44,6,0,1
BRDA:44,7,0,2
BRDA:44,8,0,2
BRDA:44,9,0,4
BRDA:44,10,0,11
BRDA:44,11,0,0
BRDA:44,12,0,4
BRDA:44,13,0,11
BRDA:44,14,0,10
BRDA:44,15,0,1
BRDA:44,16,0,14
BRDA:44,17,0,3
BRDA:44,18,0,11
BRDA:44,19,0,4
BRDA:44,20,0,11
BRDA:44,21,0,0
BRDA:44,22,0,12
BRDA:44,23,0,15
BRDA:44,24,0,15
BRDA:44,25,0,0
BRDA:44,26,0,32
BRDA:44,27,0,0
BRDA:44,28,0,0
BRDA:44,29,0,0
BRDA:44,30,0,0
BRDA:44,31,0,15
BRDA:44,32,0,15
BRDA:44,33,0,11
BRDA:44,34,0,0
BRDA:44,35,0,0
BRDA:44,36,0,6
BRDA:44,37,0,0
BRDA:44,38,0,5
BRDA:44,39,0,4
BRDA:44,40,0,2
BRDA:44,41,0,0
BRDA:44,42,0,2
BRDA:44,43,0,0
BRDA:44,44,0,0
BRDA:44,45,0,0
BRDA:44,46,0,17
BRDA:44,47,0,16
BRDA:44,48,0,1
BRDA:44,49,0,17
BRDA:44,50,0,4
BRDA:44,51,0,1
BRDA:44,52,0,3
BRDA:44,53,0,0
BRDA:44,54,0,1
BRDA:44,55,0,0
BRDA:16,56,0,1
BRDA:17,57,0,3
BRDA:25,58,0,4
BRDA:44,59,0,4
BRDA:44,60,0,17
BRDA:26,61,0,4
BRDA:44,62,0,4
BRDA:28,63,0,1
BRDA:30,64,0,3
BRDA:32,65,0,2
BRDA:32,66,0,1
BRDA:44,67,0,1
BRDA:36,68,0,3
BRDA:44,69,0,3
BRDA:44,70,0,3
BRF:71
BRH:51
end_of_record
TN:
SF:src\modules\users\services\UpdateUserProfileService.ts
FN:77,__decorate
FN:77,__metadata
FN:77,__param
FN:77,__awaiter
FN:77,adopt
FN:77,fulfilled
FN:77,rejected
FN:77,step
FN:77,__generator
FN:77,sent
FN:77,g.<computed>
FN:77,verb
FN:77,step
FN:77,__importDefault
FN:20,UpdateUserProfileService
FN:28,UpdateUserProfileService.execute
FNF:16
FNH:14
FNDA:1,__decorate
FNDA:1,__metadata
FNDA:2,__param
FNDA:7,__awaiter
FNDA:15,adopt
FNDA:15,fulfilled
FNDA:0,rejected
FNDA:18,step
FNDA:7,__generator
FNDA:15,sent
FNDA:0,g.<computed>
FNDA:21,verb
FNDA:22,step
FNDA:1,__importDefault
FNDA:6,UpdateUserProfileService
FNDA:7,UpdateUserProfileService.execute
DA:1,1
DA:2,1
DA:3,1
DA:4,1
DA:5,1
DA:6,1
DA:7,1
DA:8,1
DA:9,1
DA:10,1
DA:11,1
DA:12,1
DA:13,1
DA:14,1
DA:15,1
DA:16,1
DA:17,1
DA:18,1
DA:19,1
DA:20,1
DA:21,6
DA:22,6
DA:23,6
DA:24,6
DA:25,6
DA:26,6
DA:27,1
DA:28,1
DA:29,7
DA:30,7
DA:31,7
DA:32,7
DA:33,7
DA:34,7
DA:35,7
DA:36,7
DA:37,7
DA:38,1
DA:39,1
DA:40,6
DA:41,7
DA:42,2
DA:43,2
DA:44,6
DA:45,6
DA:46,3
DA:47,7
DA:48,7
DA:49,1
DA:50,1
DA:51,7
DA:52,7
DA:53,7
DA:54,7
DA:55,7
DA:56,1
DA:57,1
DA:58,1
DA:59,1
DA:60,1
DA:61,4
DA:62,7
DA:63,3
DA:64,3
DA:65,3
DA:66,3
DA:67,7
DA:68,7
DA:69,1
DA:70,1
DA:71,2
DA:72,2
DA:73,7
DA:74,7
DA:75,7
DA:76,7
DA:77,1
LF:77
LH:77
BRDA:77,0,0,1
BRDA:77,1,0,1
BRDA:77,2,0,0
BRDA:77,3,0,0
BRDA:77,4,0,0
BRDA:77,5,0,0
BRDA:77,6,0,1
BRDA:77,7,0,2
BRDA:77,8,0,2
BRDA:77,9,0,7
BRDA:77,10,0,15
BRDA:77,11,0,0
BRDA:77,12,0,7
BRDA:77,13,0,15
BRDA:77,14,0,11
BRDA:77,15,0,4
BRDA:77,16,0,18
BRDA:77,17,0,3
BRDA:77,18,0,15
BRDA:77,19,0,7
BRDA:77,20,0,15
BRDA:77,21,0,0
BRDA:77,22,0,21
BRDA:77,23,0,22
BRDA:77,24,0,22
BRDA:77,25,0,0
BRDA:77,26,0,48
BRDA:77,27,0,0
BRDA:77,28,0,0
BRDA:77,29,0,0
BRDA:77,30,0,0
BRDA:77,31,0,22
BRDA:77,32,0,22
BRDA:77,33,0,15
BRDA:77,34,0,0
BRDA:77,35,0,0
BRDA:77,36,0,11
BRDA:77,37,0,0
BRDA:77,38,0,7
BRDA:77,39,0,7
BRDA:77,40,0,4
BRDA:77,41,0,0
BRDA:77,42,0,4
BRDA:77,43,0,0
BRDA:77,44,0,0
BRDA:77,45,0,0
BRDA:77,46,0,26
BRDA:77,47,0,22
BRDA:77,48,0,4
BRDA:77,49,0,26
BRDA:77,50,0,7
BRDA:77,51,0,4
BRDA:77,52,0,3
BRDA:77,53,0,0
BRDA:77,54,0,1
BRDA:77,55,0,0
BRDA:19,56,0,1
BRDA:20,57,0,6
BRDA:28,58,0,7
BRDA:77,59,0,7
BRDA:77,60,0,26
BRDA:35,61,0,7
BRDA:77,62,0,7
BRDA:37,63,0,1
BRDA:39,64,0,6
BRDA:41,65,0,2
BRDA:43,66,0,6
BRDA:45,67,0,3
BRDA:77,68,0,3
BRDA:48,69,0,1
BRDA:48,70,0,1
BRDA:77,71,0,2
BRDA:77,72,0,5
BRDA:55,73,0,4
BRDA:55,74,0,1
BRDA:60,75,0,4
BRDA:62,76,0,3
BRDA:62,77,0,1
BRDA:62,78,0,3
BRDA:77,79,0,3
BRDA:68,80,0,1
BRDA:70,81,0,2
BRDA:77,82,0,2
BRDA:75,83,0,3
BRF:84
BRH:64
end_of_record
